Start
Created transform
samples[0] ('/common/datasets/ImageNet_ILSVRC2012/train/n01440764/n01440764_10026.JPEG', 0)
xml of sample[0] /home/stud132/researchproject/NeglectedFreeLunch/imagenet_ab_v1_0/train_xml/n01440764/._n01440764_10026.xml
Created dataset
Created dataloader
Printing it [tensor([0, 0, 0, 0, 0, 0, 0, 0]), tensor([1., 1., 1., 0., 1., 1., 0., 0.]), tensor([[ 0.4504,  0.6641],
        [ 0.5452,  0.8550],
        [ 0.5449,  0.7467],
        [-1.0000, -1.0000],
        [ 0.1127,  0.8490],
        [ 0.3303,  0.8109],
        [-1.0000, -1.0000],
        [-1.0000, -1.0000]], dtype=torch.float64), tensor([[242., 259.],
        [207., 202.],
        [156., 150.],
        [ 45.,  57.],
        [216., 256.],
        [296., 330.],
        [171., 144.],
        [164., 175.]])]
Some text whould be written
DONE!
