13:4: not a valid test operator: (
13:4: not a valid test operator: 535.104.12
Traceback (most recent call last):
  File "imagenet_dataloader.py", line 270, in <module>
    img, target = next(it)
  File "/usr/local/lib/python3.8/dist-packages/torch/utils/data/dataloader.py", line 635, in __next__
    data = self._next_data()
  File "/usr/local/lib/python3.8/dist-packages/torch/utils/data/dataloader.py", line 1347, in _next_data
    return self._process_data(data)
  File "/usr/local/lib/python3.8/dist-packages/torch/utils/data/dataloader.py", line 1373, in _process_data
    data.reraise()
  File "/usr/local/lib/python3.8/dist-packages/torch/_utils.py", line 644, in reraise
    raise exception
xml.etree.ElementTree.ParseError: Caught ParseError in DataLoader worker process 0.
Original Traceback (most recent call last):
  File "/usr/local/lib/python3.8/dist-packages/torch/utils/data/_utils/worker.py", line 308, in _worker_loop
    data = fetcher.fetch(index)
  File "/usr/local/lib/python3.8/dist-packages/torch/utils/data/_utils/fetch.py", line 58, in fetch
    data = [self.dataset[idx] for idx in possibly_batched_index]
  File "/usr/local/lib/python3.8/dist-packages/torch/utils/data/_utils/fetch.py", line 58, in <listcomp>
    data = [self.dataset[idx] for idx in possibly_batched_index]
  File "imagenet_dataloader.py", line 150, in __getitem__
    sample, target, points, loc_info = self.get_point_ingredients(index)
  File "imagenet_dataloader.py", line 141, in get_point_ingredients
    points = get_imagenet_selected_point_info(image_path, self.xml_root)
  File "imagenet_dataloader.py", line 56, in get_imagenet_selected_point_info
    return load_points(source_xml)
  File "imagenet_dataloader.py", line 24, in load_points
    tree = ET.parse(xml_file)
  File "/usr/lib/python3.8/xml/etree/ElementTree.py", line 1202, in parse
    tree.parse(source, parser)
  File "/usr/lib/python3.8/xml/etree/ElementTree.py", line 595, in parse
    self._root = parser._parse_whole(source)
xml.etree.ElementTree.ParseError: not well-formed (invalid token): line 1, column 0

